"gANdcQAoY2NhcGl0YWxzCkJvYXJkCnEBKYFxAn1xA1gFAAAAYm9hcmRxBH1xBShLAUsBhnEGWAsA
AABSRURfQ0FQSVRBTHEHSwVLB4ZxCFgMAAAAQkxVRV9DQVBJVEFMcQlLAEsBhnEKWAgAAABMRVRU
RVJfQ3ELSwJLAYZxDFgIAAAATEVUVEVSX0VxDUsBSwCGcQ5YCAAAAExFVFRFUl9EcQ9LAUsChnEQ
WAgAAABMRVRURVJfV3ERSwJLAoZxElgIAAAATEVUVEVSX0lxE0sASwCGcRRYCAAAAExFVFRFUl9O
cRVLBEsHhnEWWAgAAABMRVRURVJfQXEXSwZLB4ZxGFgIAAAATEVUVEVSX09xGUsFSwaGcRpYCAAA
AExFVFRFUl9ScRtLBUsIhnEcWAgAAABMRVRURVJfT3EdSwZLCIZxHlgIAAAATEVUVEVSX0xxH0sE
SwaGcSBYCAAAAExFVFRFUl9OcSF1c2JdcSIoSwVLBoZxI0sCSwKGcSRLAEsAhnElSwFLAIZxJmVY
BAAAAFJJTkRxJ2Uu
"
"gANdcQAoY2NhcGl0YWxzCkJvYXJkCnEBKYFxAn1xA1gFAAAAYm9hcmRxBH1xBShLAUsBhnEGWAsA
AABSRURfQ0FQSVRBTHEHSwVLB4ZxCFgMAAAAQkxVRV9DQVBJVEFMcQlLAEsBhnEKWAgAAABMRVRU
RVJfQ3ELSwJLAYZxDFgIAAAATEVUVEVSX0VxDUsBSwCGcQ5YAwAAAFJFRHEPSwFLAoZxEFgIAAAA
TEVUVEVSX1dxEUsCSwKGcRJoD0sASwCGcRNoD0sESweGcRRYCAAAAExFVFRFUl9BcRVLBksHhnEW
WAgAAABMRVRURVJfT3EXSwVLBoZxGFgIAAAATEVUVEVSX1RxGUsFSwiGcRpYCAAAAExFVFRFUl9P
cRtLBksIhnEcWAgAAABMRVRURVJfTHEdSwRLBoZxHlgIAAAATEVUVEVSX05xH0sDSwKGcSBYCAAA
AExFVFRFUl9BcSFLAksDhnEiWAgAAABMRVRURVJfRXEjSwNLA4ZxJFgIAAAATEVUVEVSX1RxJXVz
Yl1xJihLA0sChnEnSwFLAoZxKEsGSweGcSlLBksIhnEqZVgEAAAAQVdPTHErZS4=
"
"gANdcQAoY2NhcGl0YWxzCkJvYXJkCnEBKYFxAn1xA1gFAAAAYm9hcmRxBH1xBShLAUsBhnEGWAsA
AABSRURfQ0FQSVRBTHEHSwVLB4ZxCFgMAAAAQkxVRV9DQVBJVEFMcQlLAEsBhnEKWAgAAABMRVRU
RVJfQ3ELSwJLAYZxDFgIAAAATEVUVEVSX0VxDUsBSwCGcQ5YAwAAAFJFRHEPSwFLAoZxEFgIAAAA
TEVUVEVSX1JxEUsCSwKGcRJoD0sASwCGcRNoD0sESweGcRRYCAAAAExFVFRFUl9BcRVLBksHhnEW
WAQAAABCTFVFcRdLBUsGhnEYWAgAAABMRVRURVJfVHEZSwVLCIZxGlgIAAAATEVUVEVSX09xG0sG
SwiGcRxoF0sESwaGcR1YCAAAAExFVFRFUl9OcR5LA0sChnEfWAgAAABMRVRURVJfUnEgSwJLA4Zx
IVgIAAAATEVUVEVSX0VxIksDSwOGcSNYCAAAAExFVFRFUl9UcSRLBksGhnElWAgAAABMRVRURVJf
VHEmdXNiXXEnKEsASwGGcShLBEsHhnEpSwRLBoZxKksFSwiGcStLAksBhnEsZVgFAAAAQ0FOT0Vx
LWUu
"
"gANdcQAoY2NhcGl0YWxzCkJvYXJkCnEBKYFxAn1xA1gFAAAAYm9hcmRxBH1xBShLAUsBhnEGWAsA
AABSRURfQ0FQSVRBTHEHSwVLB4ZxCFgMAAAAQkxVRV9DQVBJVEFMcQlLAEsBhnEKWAMAAABSRURx
C0sCSwGGcQxoC0sBSwCGcQ1oC0sBSwKGcQ5YCAAAAExFVFRFUl9ScQ9LAksChnEQaAtLAEsAhnER
aAtLBEsHhnESWAgAAABMRVRURVJfRHETSwZLB4ZxFFgEAAAAQkxVRXEVSwVLBoZxFlgIAAAATEVU
VEVSX1RxF0sFSwiGcRhYCAAAAExFVFRFUl9FcRlLBksIhnEaaBVLBEsGhnEbWAgAAABMRVRURVJf
QXEcSwNLAoZxHVgIAAAATEVUVEVSX1JxHksCSwOGcR9YCAAAAExFVFRFUl9FcSBLA0sDhnEhWAgA
AABMRVRURVJfVHEiSwZLBoZxI1gIAAAATEVUVEVSX1RxJEsASwKGcSVYCAAAAExFVFRFUl9VcSZL
A0sBhnEnWAgAAABMRVRURVJfVXEodXNiXXEpKEsDSwGGcSpLAUsChnErSwRLB4ZxLEsASwKGcS1l
WAQAAABVUkRVcS5lLg==
"
"gANdcQAoY2NhcGl0YWxzCkJvYXJkCnEBKYFxAn1xA1gFAAAAYm9hcmRxBH1xBShLAUsBhnEGWAsA
AABSRURfQ0FQSVRBTHEHSwVLB4ZxCFgMAAAAQkxVRV9DQVBJVEFMcQlLAEsBhnEKWAMAAABSRURx
C0sCSwGGcQxoC0sBSwCGcQ1oC0sBSwKGcQ5YCAAAAExFVFRFUl9FcQ9LAksChnEQaAtLAEsAhnER
aAtLBEsHhnESWAQAAABCTFVFcRNLBksHhnEUaBNLBUsGhnEVWAgAAABMRVRURVJfVHEWSwVLCIZx
F1gIAAAATEVUVEVSX0VxGEsGSwiGcRloE0sESwaGcRpYCAAAAExFVFRFUl9BcRtLA0sChnEcWAgA
AABMRVRURVJfUnEdSwJLA4ZxHlgIAAAATEVUVEVSX0VxH0sDSwOGcSBYCAAAAExFVFRFUl9UcSFL
BksGhnEiWAgAAABMRVRURVJfVHEjSwBLAoZxJFgIAAAATEVUVEVSX0VxJUsDSwGGcSZYCAAAAExF
VFRFUl9PcSdLA0sHhnEoWAgAAABMRVRURVJfRXEpSwNLBoZxKlgIAAAATEVUVEVSX0dxK3VzYl1x
LChLA0sDhnEtSwNLAYZxLksDSwKGcS9LBUsGhnEwSwBLAoZxMWVYBQAAAFRPUlRFcTJlLg==
"
"gANdcQAoY2NhcGl0YWxzCkJvYXJkCnEBKYFxAn1xA1gFAAAAYm9hcmRxBH1xBShLAUsBhnEGWAsA
AABSRURfQ0FQSVRBTHEHSwVLB4ZxCFgMAAAAQkxVRV9DQVBJVEFMcQlLAEsBhnEKWAMAAABSRURx
C0sCSwGGcQxoC0sBSwCGcQ1oC0sBSwKGcQ5YCAAAAExFVFRFUl9FcQ9LAksChnEQaAtLAEsAhnER
aAtLBEsHhnESWAQAAABCTFVFcRNLBksHhnEUaBNLBUsGhnEVWAgAAABMRVRURVJfVXEWSwVLCIZx
F1gIAAAATEVUVEVSX0VxGEsGSwiGcRloE0sESwaGcRpYCAAAAExFVFRFUl9BcRtLA0sChnEcaAtL
AksDhnEdWAgAAABMRVRURVJfRXEeSwNLA4ZxH2gLSwZLBoZxIFgIAAAATEVUVEVSX1RxIUsASwKG
cSJoC0sDSwGGcSNoC0sDSweGcSRYCAAAAExFVFRFUl9FcSVLA0sGhnEmWAgAAABMRVRURVJfR3En
SwRLAoZxKFgIAAAATEVUVEVSX09xKUsESwOGcSpYCAAAAExFVFRFUl9TcStLA0sEhnEsWAgAAABM
RVRURVJfTnEtSwRLBIZxLlgIAAAATEVUVEVSX09xL0sASwOGcTBYCAAAAExFVFRFUl9ZcTFLAUsD
hnEyWAgAAABMRVRURVJfRHEzdXNiXXE0KEsBSwOGcTVLAUsChnE2SwNLBIZxN0sASwOGcThlWAQA
AABERU5ZcTllLg==
"
"gANdcQAoY2NhcGl0YWxzCkJvYXJkCnEBKYFxAn1xA1gFAAAAYm9hcmRxBH1xBShLAUsBhnEGWAsA
AABSRURfQ0FQSVRBTHEHSwVLB4ZxCFgMAAAAQkxVRV9DQVBJVEFMcQlLAEsBhnEKWAMAAABSRURx
C0sCSwGGcQxoC0sBSwCGcQ1oC0sBSwKGcQ5YCAAAAExFVFRFUl9IcQ9LAksChnEQaAtLAEsAhnER
aAtLBEsHhnESWAQAAABCTFVFcRNLBksHhnEUaBNLBUsGhnEVWAgAAABMRVRURVJfVXEWSwVLCIZx
F1gIAAAATEVUVEVSX0VxGEsGSwiGcRloE0sESwaGcRpYCAAAAExFVFRFUl9BcRtLA0sChnEcaAtL
AksDhnEdWAgAAABMRVRURVJfRXEeSwNLA4ZxH2gLSwZLBoZxIFgIAAAATEVUVEVSX1RxIUsASwKG
cSJoC0sDSwGGcSNoC0sDSweGcSRYCAAAAExFVFRFUl9FcSVLA0sGhnEmWAgAAABMRVRURVJfR3En
SwRLAoZxKFgIAAAATEVUVEVSX09xKUsESwOGcSpYCAAAAExFVFRFUl9TcStLA0sEhnEsWAgAAABM
RVRURVJfSXEtSwRLBIZxLlgIAAAATEVUVEVSX09xL0sASwOGcTBYCAAAAExFVFRFUl9IcTFLAUsD
hnEyWAgAAABMRVRURVJfUnEzdXNiXXE0KEsGSwaGcTVLBEsChnE2SwNLBoZxN0sESwOGcThlWAQA
AABUT0dTcTllLg==
"
"gANdcQAoY2NhcGl0YWxzCkJvYXJkCnEBKYFxAn1xA1gFAAAAYm9hcmRxBH1xBShLAUsBhnEGWAsA
AABSRURfQ0FQSVRBTHEHSwVLB4ZxCFgMAAAAQkxVRV9DQVBJVEFMcQlLAEsBhnEKWAMAAABSRURx
C0sCSwGGcQxoC0sBSwCGcQ1oC0sBSwKGcQ5YCAAAAExFVFRFUl9IcQ9LAksChnEQaAtLAEsAhnER
aAtLBEsHhnESWAQAAABCTFVFcRNLBksHhnEUaBNLBUsGhnEVWAgAAABMRVRURVJfVXEWSwVLCIZx
F1gIAAAATEVUVEVSX0VxGEsGSwiGcRloE0sESwaGcRpYCAAAAExFVFRFUl9BcRtLA0sChnEcaAtL
AksDhnEdWAgAAABMRVRURVJfRXEeSwNLA4ZxH2gLSwZLBoZxIFgIAAAATEVUVEVSX01xIUsASwKG
cSJoC0sDSwGGcSNoC0sDSweGcSRYCAAAAExFVFRFUl9FcSVLA0sGhnEmWAgAAABMRVRURVJfTHEn
SwRLAoZxKGgLSwRLA4ZxKWgLSwNLBIZxKlgIAAAATEVUVEVSX0lxK0sESwSGcSxYCAAAAExFVFRF
Ul9PcS1LAEsDhnEuWAgAAABMRVRURVJfSHEvSwFLA4ZxMFgIAAAATEVUVEVSX1JxMUsFSwKGcTJY
CAAAAExFVFRFUl9VcTNLBUsDhnE0WAgAAABMRVRURVJfS3E1SwVLBIZxNlgIAAAATEVUVEVSX0Vx
N3VzYl1xOChLBUsDhnE5SwRLBIZxOksBSwKGcTtLA0sGhnE8ZVgEAAAAS09ITHE9ZS4=
"
"gANdcQAoY2NhcGl0YWxzCkJvYXJkCnEBKYFxAn1xA1gFAAAAYm9hcmRxBH1xBShLAUsBhnEGWAsA
AABSRURfQ0FQSVRBTHEHSwVLB4ZxCFgMAAAAQkxVRV9DQVBJVEFMcQlLAEsBhnEKWAMAAABSRURx
C0sCSwGGcQxoC0sBSwCGcQ1oC0sBSwKGcQ5YCAAAAExFVFRFUl9HcQ9LAksChnEQaAtLAEsAhnER
aAtLBEsHhnESWAQAAABCTFVFcRNLBksHhnEUaBNLBUsGhnEVWAgAAABMRVRURVJfVXEWSwVLCIZx
F1gIAAAATEVUVEVSX0VxGEsGSwiGcRloE0sESwaGcRpYCAAAAExFVFRFUl9BcRtLA0sChnEcaAtL
AksDhnEdWAgAAABMRVRURVJfRXEeSwNLA4ZxH2gLSwZLBoZxIFgIAAAATEVUVEVSX01xIUsASwKG
cSJoC0sDSwGGcSNoC0sDSweGcSRYCAAAAExFVFRFUl9FcSVLA0sGhnEmaBNLBEsChnEnaAtLBEsD
hnEoaAtLA0sEhnEpWAgAAABMRVRURVJfSXEqSwRLBIZxK1gIAAAATEVUVEVSX1RxLEsASwOGcS1Y
CAAAAExFVFRFUl9IcS5LAUsDhnEvWAgAAABMRVRURVJfUnEwSwVLAoZxMVgIAAAATEVUVEVSX1Vx
MksFSwOGcTNYCAAAAExFVFRFUl9ScTRLBUsEhnE1WAgAAABMRVRURVJfRXE2SwJLBoZxN1gIAAAA
TEVUVEVSX09xOEsDSwWGcTlYCAAAAExFVFRFUl9TcTpLAksFhnE7WAgAAABMRVRURVJfSHE8dXNi
XXE9KEsESwSGcT5LAksGhnE/SwFLAoZxQEsDSwWGcUFlWAQAAABUT0dTcUJlLg==
"
"gANdcQAoY2NhcGl0YWxzCkJvYXJkCnEBKYFxAn1xA1gFAAAAYm9hcmRxBH1xBShLAUsBhnEGWAsA
AABSRURfQ0FQSVRBTHEHSwVLB4ZxCFgMAAAAQkxVRV9DQVBJVEFMcQlLAEsBhnEKWAMAAABSRURx
C0sCSwGGcQxoC0sBSwCGcQ1oC0sBSwKGcQ5oC0sCSwKGcQ9oC0sASwCGcRBoC0sESweGcRFYBAAA
AEJMVUVxEksGSweGcRNoEksFSwaGcRRYCAAAAExFVFRFUl9VcRVLBUsIhnEWWAgAAABMRVRURVJf
RXEXSwZLCIZxGGgSSwRLBoZxGVgIAAAATEVUVEVSX0FxGksDSwKGcRtoC0sCSwOGcRxYCAAAAExF
VFRFUl9FcR1LA0sDhnEeaAtLBksGhnEfWAgAAABMRVRURVJfTXEgSwBLAoZxIWgLSwNLAYZxImgL
SwNLB4ZxI1gIAAAATEVUVEVSX0VxJEsDSwaGcSVoEksESwKGcSZoC0sESwOGcSdoC0sDSwSGcShY
CAAAAExFVFRFUl9JcSlLBEsEhnEqaAtLAEsDhnErWAgAAABMRVRURVJfSHEsSwFLA4ZxLVgIAAAA
TEVUVEVSX1JxLksFSwKGcS9YCAAAAExFVFRFUl9VcTBLBUsDhnExWAgAAABMRVRURVJfUnEySwVL
BIZxM1gIAAAATEVUVEVSX0VxNEsCSwaGcTVYCAAAAExFVFRFUl9YcTZLA0sFhnE3WAgAAABMRVRU
RVJfQ3E4SwJLBYZxOVgIAAAATEVUVEVSX0hxOksESwWGcTtYCAAAAExFVFRFUl9EcTxLBUsFhnE9
WAgAAABMRVRURVJfU3E+dXNiXXE/KEsBSwOGcUBLA0sEhnFBSwVLBYZxQksCSwOGcUNlWAQAAABS
SVNFcURlLg==
"
"gANdcQAoY2NhcGl0YWxzCkJvYXJkCnEBKYFxAn1xA1gFAAAAYm9hcmRxBH1xBShLAUsBhnEGWAsA
AABSRURfQ0FQSVRBTHEHSwVLB4ZxCFgMAAAAQkxVRV9DQVBJVEFMcQlLAEsBhnEKWAMAAABSRURx
C0sCSwGGcQxoC0sBSwCGcQ1oC0sBSwKGcQ5oC0sCSwKGcQ9oC0sASwCGcRBoC0sESweGcRFYBAAA
AEJMVUVxEksGSweGcRNoEksFSwaGcRRYCAAAAExFVFRFUl9VcRVLBUsIhnEWWAgAAABMRVRURVJf
RXEXSwZLCIZxGGgSSwRLBoZxGVgIAAAATEVUVEVSX0FxGksDSwKGcRtoC0sCSwOGcRxYCAAAAExF
VFRFUl9EcR1LA0sDhnEeaAtLBksGhnEfWAgAAABMRVRURVJfTXEgSwBLAoZxIWgLSwNLAYZxImgL
SwNLB4ZxI1gIAAAATEVUVEVSX0VxJEsDSwaGcSVoEksESwKGcSZoC0sESwOGcSdoC0sDSwSGcShY
CAAAAExFVFRFUl9HcSlLBEsEhnEqaAtLAEsDhnErWAgAAABMRVRURVJfSHEsSwFLA4ZxLVgIAAAA
TEVUVEVSX0pxLksFSwKGcS9YCAAAAExFVFRFUl9VcTBLBUsDhnExWAgAAABMRVRURVJfUnEySwVL
BIZxM1gIAAAATEVUVEVSX0VxNEsCSwaGcTVYCAAAAExFVFRFUl9YcTZLA0sFhnE3WAgAAABMRVRU
RVJfQ3E4SwJLBYZxOVgIAAAATEVUVEVSX0hxOksESwWGcTtYCAAAAExFVFRFUl9EcTxLBUsFhnE9
WAgAAABMRVRURVJfQXE+dXNiXXE/KEsFSwOGcUBLBUsFhnFBSwFLA4ZxQksESwaGcUNLAEsDhnFE
ZVgFAAAAUkFKQUhxRWUu
"
"gANdcQAoY2NhcGl0YWxzCkJvYXJkCnEBKYFxAn1xA1gFAAAAYm9hcmRxBH1xBShLAUsBhnEGWAsA
AABSRURfQ0FQSVRBTHEHSwVLB4ZxCFgMAAAAQkxVRV9DQVBJVEFMcQlLAEsBhnEKWAMAAABSRURx
C0sCSwGGcQxoC0sBSwCGcQ1oC0sBSwKGcQ5oC0sCSwKGcQ9oC0sASwCGcRBoC0sESweGcRFYBAAA
AEJMVUVxEksGSweGcRNoEksFSwaGcRRYCAAAAExFVFRFUl9VcRVLBUsIhnEWWAgAAABMRVRURVJf
RXEXSwZLCIZxGGgSSwRLBoZxGVgIAAAATEVUVEVSX0VxGksDSwKGcRtoC0sCSwOGcRxYCAAAAExF
VFRFUl9EcR1LA0sDhnEeaAtLBksGhnEfWAgAAABMRVRURVJfTXEgSwBLAoZxIWgLSwNLAYZxImgL
SwNLB4ZxI1gIAAAATEVUVEVSX0VxJEsDSwaGcSVoEksESwKGcSZoC0sESwOGcSdoC0sDSwSGcShY
CAAAAExFVFRFUl9HcSlLBEsEhnEqaAtLAEsDhnEraAtLAUsDhnEsaAtLBUsChnEtWAgAAABMRVRU
RVJfVXEuSwVLA4ZxL2gLSwVLBIZxMFgIAAAATEVUVEVSX0VxMUsCSwaGcTJYCAAAAExFVFRFUl9Y
cTNLA0sFhnE0WAgAAABMRVRURVJfQ3E1SwJLBYZxNlgIAAAATEVUVEVSX0hxN0sESwWGcThYCAAA
AExFVFRFUl9EcTlLBUsFhnE6aAtLAUsEhnE7WAgAAABMRVRURVJfR3E8SwJLBIZxPVgIAAAATEVU
VEVSX0dxPksGSwWGcT9YCAAAAExFVFRFUl9FcUBLAEsEhnFBWAgAAABMRVRURVJfR3FCSwZLA4Zx
Q1gIAAAATEVUVEVSX1VxREsGSwSGcUVYCAAAAExFVFRFUl9WcUZ1c2JdcUcoSwJLA4ZxSEsFSwSG
cUlLBUsChnFKSwNLBYZxS0sGSwWGcUxlWAUAAABERVVDRXFNZS4=
"
"gANdcQAoY2NhcGl0YWxzCkJvYXJkCnEBKYFxAn1xA1gFAAAAYm9hcmRxBH1xBShLAUsBhnEGWAsA
AABSRURfQ0FQSVRBTHEHSwVLB4ZxCFgMAAAAQkxVRV9DQVBJVEFMcQlLAEsBhnEKWAMAAABSRURx
C0sCSwGGcQxoC0sBSwCGcQ1oC0sBSwKGcQ5oC0sCSwKGcQ9oC0sASwCGcRBoC0sESweGcRFYBAAA
AEJMVUVxEksGSweGcRNoEksFSwaGcRRYCAAAAExFVFRFUl9VcRVLBUsIhnEWWAgAAABMRVRURVJf
RXEXSwZLCIZxGGgSSwRLBoZxGVgIAAAATEVUVEVSX0VxGksDSwKGcRtoC0sCSwOGcRxYCAAAAExF
VFRFUl9UcR1LA0sDhnEeaAtLBksGhnEfWAgAAABMRVRURVJfTXEgSwBLAoZxIWgLSwNLAYZxImgL
SwNLB4ZxI1gIAAAATEVUVEVSX0VxJEsDSwaGcSVoEksESwKGcSZoC0sESwOGcSdoC0sDSwSGcShY
CAAAAExFVFRFUl9HcSlLBEsEhnEqaAtLAEsDhnEraAtLAUsDhnEsaAtLBUsChnEtWAgAAABMRVRU
RVJfRXEuSwVLA4ZxL2gLSwVLBIZxMFgIAAAATEVUVEVSX0RxMUsCSwaGcTJYCAAAAExFVFRFUl9Y
cTNLA0sFhnE0aBJLAksFhnE1WAgAAABMRVRURVJfSHE2SwRLBYZxN1gIAAAATEVUVEVSX0RxOEsF
SwWGcTloC0sBSwSGcTpYCAAAAExFVFRFUl9HcTtLAksEhnE8WAgAAABMRVRURVJfR3E9SwZLBYZx
PlgIAAAATEVUVEVSX1VxP0sASwSGcUBYCAAAAExFVFRFUl9HcUFLBksDhnFCWAgAAABMRVRURVJf
VXFDSwZLBIZxRFgIAAAATEVUVEVSX1ZxRXVzYl1xRihLBUsChnFHSwVLBIZxSEsASwSGcUlLBEsG
hnFKSwRLBYZxS2VYBQAAAEVER0VEcUxlLg==
"
"gANdcQAoY2NhcGl0YWxzCkJvYXJkCnEBKYFxAn1xA1gFAAAAYm9hcmRxBH1xBShLAUsBhnEGWAsA
AABSRURfQ0FQSVRBTHEHSwVLB4ZxCFgIAAAATEVUVEVSX0xxCUsASwGGcQpYAwAAAFJFRHELSwJL
AYZxDGgLSwFLAIZxDWgLSwFLAoZxDmgLSwJLAoZxD2gLSwBLAIZxEGgLSwRLB4ZxEVgIAAAATEVU
VEVSX0lxEksGSweGcRNYBAAAAEJMVUVxFEsFSwaGcRVYCAAAAExFVFRFUl9VcRZLBUsIhnEXWAgA
AABMRVRURVJfRXEYSwZLCIZxGWgUSwRLBoZxGmgLSwNLAoZxG2gLSwJLA4ZxHFgIAAAATEVUVEVS
X1RxHUsDSwOGcR5oC0sGSwaGcR9YCAAAAExFVFRFUl9NcSBLAEsChnEhaAtLA0sBhnEiaAtLA0sH
hnEjWAgAAABMRVRURVJfRXEkSwNLBoZxJVgIAAAATEVUVEVSX09xJksESwKGcSdoC0sESwOGcSho
C0sDSwSGcSlYCAAAAExFVFRFUl9HcSpLBEsEhnEraAtLAEsDhnEsaAtLAUsDhnEtaAtLBUsChnEu
aAtLBUsDhnEvaAtLBUsEhnEwaAtLAksGhnExWAgAAABMRVRURVJfWHEySwNLBYZxM1gIAAAATEVU
VEVSX0lxNEsCSwWGcTVYCAAAAExFVFRFUl9IcTZLBEsFhnE3aAtLBUsFhnE4aAtLAUsEhnE5WAgA
AABMRVRURVJfR3E6SwJLBIZxO1gIAAAATEVUVEVSX0dxPEsGSwWGcT1YCAAAAExFVFRFUl9VcT5L
AEsEhnE/aAtLBksDhnFAWAgAAABMRVRURVJfVXFBSwZLBIZxQlgIAAAATEVUVEVSX1ZxQ0sASwWG
cURYCAAAAExFVFRFUl9JcUVLAUsFhnFGWAgAAABMRVRURVJfT3FHdXNiXXFIKEsFSweGcUlLAEsF
hnFKSwNLB4ZxS0sGSwOGcUxlWAQAAABMSUVVcU1lLg==
"
"gANdcQAoY2NhcGl0YWxzCkJvYXJkCnEBKYFxAn1xA1gFAAAAYm9hcmRxBH1xBShLAUsBhnEGWAsA
AABSRURfQ0FQSVRBTHEHSwVLB4ZxCFgDAAAAUkVEcQlLAEsBhnEKaAlLAksBhnELaAlLAUsAhnEM
aAlLAUsChnENaAlLAksChnEOaAlLAEsAhnEPaAlLBEsHhnEQWAgAAABMRVRURVJfSXERSwZLB4Zx
ElgIAAAATEVUVEVSX0hxE0sFSwaGcRRYCAAAAExFVFRFUl9VcRVLBUsIhnEWWAgAAABMRVRURVJf
RXEXSwZLCIZxGFgMAAAAQkxVRV9DQVBJVEFMcRlLBEsGhnEaaAlLA0sChnEbaAlLAksDhnEcWAgA
AABMRVRURVJfVHEdSwNLA4ZxHmgJSwZLBoZxH1gIAAAATEVUVEVSX01xIEsASwKGcSFoCUsDSwGG
cSJoCUsDSweGcSNYCAAAAExFVFRFUl9TcSRLA0sGhnElWAgAAABMRVRURVJfT3EmSwRLAoZxJ2gJ
SwRLA4ZxKGgJSwNLBIZxKVgIAAAATEVUVEVSX0dxKksESwSGcStoCUsASwOGcSxoCUsBSwOGcS1o
CUsFSwKGcS5oCUsFSwOGcS9oCUsFSwSGcTBoCUsCSwaGcTFYCAAAAExFVFRFUl9YcTJLA0sFhnEz
WAgAAABMRVRURVJfSXE0SwJLBYZxNVgIAAAATEVUVEVSX0hxNksESwWGcTdoCUsFSwWGcThoCUsB
SwSGcTlYCAAAAExFVFRFUl9HcTpLAksEhnE7WAgAAABMRVRURVJfR3E8SwZLBYZxPVgIAAAATEVU
VEVSX1VxPksASwSGcT9oCUsGSwOGcUBoCUsGSwSGcUFYCAAAAExFVFRFUl9WcUJLAEsFhnFDaAlL
AUsFhnFEWAgAAABMRVRURVJfT3FFSwFLBoZxRlgIAAAATEVUVEVSX05xR3VzYl1xSChLAksDhnFJ
SwFLBYZxSksBSwSGcUtLA0sHhnFMZVgEAAAAVE9HU3FNZS4=
"
"gANdcQAoY2NhcGl0YWxzCkJvYXJkCnEBKYFxAn1xA1gFAAAAYm9hcmRxBH1xBShLAUsBhnEGWAsA
AABSRURfQ0FQSVRBTHEHSwVLB4ZxCFgDAAAAUkVEcQlLAEsBhnEKaAlLAksBhnELaAlLAUsAhnEM
aAlLAUsChnENaAlLAksChnEOaAlLAEsAhnEPaAlLBEsHhnEQWAgAAABMRVRURVJfSXERSwZLB4Zx
ElgIAAAATEVUVEVSX0hxE0sFSwaGcRRYCAAAAExFVFRFUl9VcRVLBUsIhnEWWAgAAABMRVRURVJf
RXEXSwZLCIZxGFgMAAAAQkxVRV9DQVBJVEFMcRlLBEsGhnEaaAlLA0sChnEbaAlLAksDhnEcWAgA
AABMRVRURVJfWnEdSwNLA4ZxHmgJSwZLBoZxH1gIAAAATEVUVEVSX01xIEsASwKGcSFoCUsDSwGG
cSJoCUsDSweGcSNYCAAAAExFVFRFUl9KcSRLA0sGhnElWAgAAABMRVRURVJfT3EmSwRLAoZxJ2gJ
SwRLA4ZxKGgJSwNLBIZxKVgIAAAATEVUVEVSX0dxKksESwSGcStoCUsASwOGcSxoCUsBSwOGcS1o
CUsFSwKGcS5oCUsFSwOGcS9oCUsFSwSGcTBoCUsCSwaGcTFYCAAAAExFVFRFUl9YcTJLA0sFhnEz
WAgAAABMRVRURVJfSXE0SwJLBYZxNVgIAAAATEVUVEVSX0hxNksESwWGcTdoCUsFSwWGcThoCUsB
SwSGcTlYCAAAAExFVFRFUl9BcTpLAksEhnE7WAgAAABMRVRURVJfR3E8SwZLBYZxPVgIAAAATEVU
VEVSX1VxPksASwSGcT9oCUsGSwOGcUBoCUsGSwSGcUFYCAAAAExFVFRFUl9WcUJLAEsFhnFDaAlL
AUsFhnFEWAgAAABMRVRURVJfSXFFSwFLBoZxRlgIAAAATEVUVEVSX05xR3VzYl1xSChLAksDhnFJ
SwVLCIZxSksBSwaGcUtLA0sGhnFMZVgEAAAAWkVOT3FNZS4=
"
"gANdcQAoY2NhcGl0YWxzCkJvYXJkCnEBKYFxAn1xA1gFAAAAYm9hcmRxBH1xBShLAUsBhnEGWAsA
AABSRURfQ0FQSVRBTHEHSwVLB4ZxCFgDAAAAUkVEcQlLAEsBhnEKaAlLAksBhnELaAlLAUsAhnEM
aAlLAUsChnENaAlLAksChnEOaAlLAEsAhnEPaAlLBEsHhnEQWAgAAABMRVRURVJfSXERSwZLB4Zx
ElgIAAAATEVUVEVSX0hxE0sFSwaGcRRYCAAAAExFVFRFUl9VcRVLBUsIhnEWaAlLBksIhnEXWAgA
AABMRVRURVJfSXEYSwRLBoZxGWgJSwNLAoZxGmgJSwJLA4ZxG2gJSwNLA4ZxHGgJSwZLBoZxHVgI
AAAATEVUVEVSX01xHksASwKGcR9oCUsDSwGGcSBoCUsDSweGcSFYCAAAAExFVFRFUl9KcSJLA0sG
hnEjaAlLBEsChnEkaAlLBEsDhnElaAlLA0sEhnEmWAgAAABMRVRURVJfR3EnSwRLBIZxKGgJSwBL
A4ZxKWgJSwFLA4ZxKmgJSwVLAoZxK2gJSwVLA4ZxLGgJSwVLBIZxLWgJSwJLBoZxLlgIAAAATEVU
VEVSX1hxL0sDSwWGcTBYCAAAAExFVFRFUl9JcTFLAksFhnEyWAgAAABMRVRURVJfSHEzSwRLBYZx
NGgJSwVLBYZxNWgJSwFLBIZxNlgIAAAATEVUVEVSX0FxN0sCSwSGcThYCAAAAExFVFRFUl9HcTlL
BksFhnE6WAgAAABMRVRURVJfVXE7SwBLBIZxPGgJSwZLA4ZxPWgJSwZLBIZxPlgIAAAATEVUVEVS
X1ZxP0sASwWGcUBoCUsBSwWGcUFYCAAAAExFVFRFUl9JcUJLAUsGhnFDaAl1c2JdcUQoSwNLB4Zx
RUsBSwSGcUZLBksGhnFHSwFLBYZxSGVYBAAAAEpBTUlxSWUu
"
"gANdcQAoY2NhcGl0YWxzCkJvYXJkCnEBKYFxAn1xA1gFAAAAYm9hcmRxBH1xBShLAUsBhnEGWAsA
AABSRURfQ0FQSVRBTHEHSwVLB4ZxCFgDAAAAUkVEcQlLAEsBhnEKaAlLAksBhnELaAlLAUsAhnEM
aAlLAUsChnENaAlLAksChnEOaAlLAEsAhnEPaAlLBEsHhnEQWAgAAABMRVRURVJfSXERSwZLB4Zx
ElgIAAAATEVUVEVSX0hxE0sFSwaGcRRYCAAAAExFVFRFUl9VcRVLBUsIhnEWaAlLBksIhnEXWAgA
AABMRVRURVJfSXEYSwRLBoZxGWgJSwNLAoZxGmgJSwJLA4ZxG2gJSwNLA4ZxHGgJSwZLBoZxHWgJ
SwBLAoZxHmgJSwNLAYZxH2gJSwNLB4ZxIGgJSwNLBoZxIWgJSwRLAoZxImgJSwRLA4ZxI2gJSwNL
BIZxJFgIAAAATEVUVEVSX0dxJUsESwSGcSZoCUsASwOGcSdoCUsBSwOGcShoCUsFSwKGcSloCUsF
SwOGcSpoCUsFSwSGcStoCUsCSwaGcSxYCAAAAExFVFRFUl9YcS1LA0sFhnEuWAgAAABMRVRURVJf
SXEvSwJLBYZxMFgIAAAATEVUVEVSX0hxMUsESwWGcTJoCUsFSwWGcTNoCUsBSwSGcTRoCUsCSwSG
cTVYCAAAAExFVFRFUl9HcTZLBksFhnE3WAgAAABMRVRURVJfVXE4SwBLBIZxOWgJSwZLA4ZxOmgJ
SwZLBIZxO1gIAAAATEVUVEVSX1ZxPEsASwWGcT1oCUsBSwWGcT5oCUsBSwaGcT9oCXVzYl1xQChL
AksFhnFBSwZLBYZxQksCSwSGcUNLBksHhnFEZVgEAAAASFVHSHFFZS4=
"
"gANdcQAoY2NhcGl0YWxzCkJvYXJkCnEBKYFxAn1xA1gFAAAAYm9hcmRxBH1xBShLAUsBhnEGWAsA
AABSRURfQ0FQSVRBTHEHSwVLB4ZxCFgDAAAAUkVEcQlLAEsBhnEKaAlLAksBhnELaAlLAUsAhnEM
aAlLAUsChnENaAlLAksChnEOaAlLAEsAhnEPaAlLBEsHhnEQWAgAAABMRVRURVJfSXERSwZLB4Zx
ElgIAAAATEVUVEVSX0FxE0sFSwaGcRRYCAAAAExFVFRFUl9VcRVLBUsIhnEWaAlLBksIhnEXWAgA
AABMRVRURVJfSXEYSwRLBoZxGWgJSwNLAoZxGmgJSwJLA4ZxG2gJSwNLA4ZxHGgJSwZLBoZxHWgJ
SwBLAoZxHmgJSwNLAYZxH2gJSwNLB4ZxIGgJSwNLBoZxIWgJSwRLAoZxImgJSwRLA4ZxI2gJSwNL
BIZxJFgIAAAATEVUVEVSX0dxJUsESwSGcSZoCUsASwOGcSdoCUsBSwOGcShoCUsFSwKGcSloCUsF
SwOGcSpoCUsFSwSGcStoCUsCSwaGcSxYCAAAAExFVFRFUl9YcS1LA0sFhnEuWAgAAABMRVRURVJf
SXEvSwJLBYZxMFgIAAAATEVUVEVSX1RxMUsESwWGcTJoCUsFSwWGcTNoCUsBSwSGcTRoCUsCSwSG
cTVYCAAAAExFVFRFUl9BcTZLBksFhnE3WAgAAABMRVRURVJfVnE4SwBLBIZxOWgJSwZLA4ZxOmgJ
SwZLBIZxO1gIAAAATEVUVEVSX1ZxPEsASwWGcT1oCUsBSwWGcT5oCUsBSwaGcT9oCXVzYl1xQChL
A0sEhnFBSwJLBIZxQksDSwWGcUNLAksFhnFEZVgEAAAAR0FJVHFFZS4=
"
"gANdcQAoY2NhcGl0YWxzCkJvYXJkCnEBKYFxAn1xA1gFAAAAYm9hcmRxBH1xBShLAUsBhnEGWAsA
AABSRURfQ0FQSVRBTHEHSwVLB4ZxCFgDAAAAUkVEcQlLAEsBhnEKaAlLAksBhnELaAlLAUsAhnEM
aAlLAUsChnENaAlLAksChnEOaAlLAEsAhnEPaAlLBEsHhnEQWAgAAABMRVRURVJfSXERSwZLB4Zx
ElgIAAAATEVUVEVSX0FxE0sFSwaGcRRYCAAAAExFVFRFUl9VcRVLBUsIhnEWaAlLBksIhnEXWAgA
AABMRVRURVJfSXEYSwRLBoZxGWgJSwNLAoZxGmgJSwJLA4ZxG2gJSwNLA4ZxHGgJSwZLBoZxHWgJ
SwBLAoZxHmgJSwNLAYZxH2gJSwNLB4ZxIGgJSwNLBoZxIWgJSwRLAoZxImgJSwRLA4ZxI2gJSwNL
BIZxJGgJSwRLBIZxJWgJSwBLA4ZxJmgJSwFLA4ZxJ2gJSwVLAoZxKGgJSwVLA4ZxKWgJSwVLBIZx
KmgJSwJLBoZxK1gIAAAATEVUVEVSX1hxLEsDSwWGcS1oCUsCSwWGcS5oCUsESwWGcS9oCUsFSwWG
cTBoCUsBSwSGcTFoCUsCSwSGcTJoCUsGSwWGcTNYCAAAAExFVFRFUl9WcTRLAEsEhnE1aAlLBksD
hnE2aAlLBksEhnE3WAgAAABMRVRURVJfVnE4SwBLBYZxOWgJSwFLBYZxOmgJSwFLBoZxO2gJdXNi
XXE8KEsGSwSGcT1LBEsHhnE+SwZLBYZxP0sGSweGcUBlWAQAAABWSVZBcUFlLg==
"
